# JRE version: OpenJDK Runtime Environment (8.0_191-b12) (build 1.8.0_191-8u191-b12-0ubuntu0.18.04.1-b12)
# Java VM: OpenJDK 64-Bit Server VM (25.191-b12 mixed mode linux-amd64 compressed oops)
Heap:
 PSYoungGen      total 111616K, used 7872K [0x00000000d7100000, 0x00000000df980000, 0x0000000100000000)
  eden space 102912K, 0% used [0x00000000d7100000,0x00000000d7100000,0x00000000dd580000)
  from space 8704K, 90% used [0x00000000de880000,0x00000000df0301d8,0x00000000df100000)
  to   space 4096K, 0% used [0x00000000df580000,0x00000000df580000,0x00000000df980000)
 ParOldGen       total 54272K, used 7292K [0x0000000085200000, 0x0000000088700000, 0x00000000d7100000)
  object space 54272K, 13% used [0x0000000085200000,0x000000008591f088,0x0000000088700000)
 Metaspace       used 26776K, capacity 27176K, committed 27392K, reserved 1073152K
  class space    used 3167K, capacity 3294K, committed 3328K, reserved 1048576K
GC Heap History (10 events):
Event: 4.302 GC heap after
Heap after GC invocations=3 (full 0):
 PSYoungGen      total 36864K, used 5119K [0x00000000d7100000, 0x00000000db900000, 0x0000000100000000)
  eden space 31744K, 0% used [0x00000000d7100000,0x00000000d7100000,0x00000000d9000000)
  from space 5120K, 99% used [0x00000000d9000000,0x00000000d94ffee8,0x00000000d9500000)
  to   space 5120K, 0% used [0x00000000db400000,0x00000000db400000,0x00000000db900000)
 ParOldGen       total 84992K, used 1376K [0x0000000085200000, 0x000000008a500000, 0x00000000d7100000)
  object space 84992K, 1% used [0x0000000085200000,0x00000000853583f0,0x000000008a500000)
 Metaspace       used 14162K, capacity 14260K, committed 14464K, reserved 1062912K
  class space    used 1640K, capacity 1653K, committed 1664K, reserved 1048576K
}
Event: 5.530 GC heap before
{Heap before GC invocations=4 (full 0):
 PSYoungGen      total 36864K, used 36863K [0x00000000d7100000, 0x00000000db900000, 0x0000000100000000)
  eden space 31744K, 100% used [0x00000000d7100000,0x00000000d9000000,0x00000000d9000000)
  from space 5120K, 99% used [0x00000000d9000000,0x00000000d94ffee8,0x00000000d9500000)
  to   space 5120K, 0% used [0x00000000db400000,0x00000000db400000,0x00000000db900000)
 ParOldGen       total 84992K, used 1376K [0x0000000085200000, 0x000000008a500000, 0x00000000d7100000)
  object space 84992K, 1% used [0x0000000085200000,0x00000000853583f0,0x000000008a500000)
 Metaspace       used 18742K, capacity 18904K, committed 19200K, reserved 1067008K
  class space    used 2172K, capacity 2219K, committed 2304K, reserved 1048576K
Event: 5.577 GC heap after
Heap after GC invocations=4 (full 0):
 PSYoungGen      total 68608K, used 5094K [0x00000000d7100000, 0x00000000db900000, 0x0000000100000000)
  eden space 63488K, 0% used [0x00000000d7100000,0x00000000d7100000,0x00000000daf00000)
  from space 5120K, 99% used [0x00000000db400000,0x00000000db8f9980,0x00000000db900000)
  to   space 5120K, 0% used [0x00000000daf00000,0x00000000daf00000,0x00000000db400000)
 ParOldGen       total 84992K, used 3647K [0x0000000085200000, 0x000000008a500000, 0x00000000d7100000)
  object space 84992K, 4% used [0x0000000085200000,0x000000008558fc28,0x000000008a500000)
 Metaspace       used 18742K, capacity 18904K, committed 19200K, reserved 1067008K
  class space    used 2172K, capacity 2219K, committed 2304K, reserved 1048576K
}
Event: 6.148 GC heap before
{Heap before GC invocations=5 (full 0):
 PSYoungGen      total 68608K, used 31668K [0x00000000d7100000, 0x00000000db900000, 0x0000000100000000)
  eden space 63488K, 41% used [0x00000000d7100000,0x00000000d8af39c8,0x00000000daf00000)
  from space 5120K, 99% used [0x00000000db400000,0x00000000db8f9980,0x00000000db900000)
  to   space 5120K, 0% used [0x00000000daf00000,0x00000000daf00000,0x00000000db400000)
 ParOldGen       total 84992K, used 3647K [0x0000000085200000, 0x000000008a500000, 0x00000000d7100000)
  object space 84992K, 4% used [0x0000000085200000,0x000000008558fc28,0x000000008a500000)
 Metaspace       used 20999K, capacity 21224K, committed 21248K, reserved 1069056K
  class space    used 2445K, capacity 2537K, committed 2560K, reserved 1048576K
Event: 6.160 GC heap after
Heap after GC invocations=5 (full 0):
 PSYoungGen      total 68608K, used 5113K [0x00000000d7100000, 0x00000000dfe00000, 0x0000000100000000)
  eden space 63488K, 0% used [0x00000000d7100000,0x00000000d7100000,0x00000000daf00000)
  from space 5120K, 99% used [0x00000000daf00000,0x00000000db3fe4d8,0x00000000db400000)
  to   space 8704K, 0% used [0x00000000df580000,0x00000000df580000,0x00000000dfe00000)
 ParOldGen       total 84992K, used 5597K [0x0000000085200000, 0x000000008a500000, 0x00000000d7100000)
  object space 84992K, 6% used [0x0000000085200000,0x0000000085777710,0x000000008a500000)
 Metaspace       used 20999K, capacity 21224K, committed 21248K, reserved 1069056K
  class space    used 2445K, capacity 2537K, committed 2560K, reserved 1048576K
}
Event: 6.160 GC heap before
{Heap before GC invocations=6 (full 1):
 PSYoungGen      total 68608K, used 5113K [0x00000000d7100000, 0x00000000dfe00000, 0x0000000100000000)
  eden space 63488K, 0% used [0x00000000d7100000,0x00000000d7100000,0x00000000daf00000)
  from space 5120K, 99% used [0x00000000daf00000,0x00000000db3fe4d8,0x00000000db400000)
  to   space 8704K, 0% used [0x00000000df580000,0x00000000df580000,0x00000000dfe00000)
 ParOldGen       total 84992K, used 5597K [0x0000000085200000, 0x000000008a500000, 0x00000000d7100000)
  object space 84992K, 6% used [0x0000000085200000,0x0000000085777710,0x000000008a500000)
 Metaspace       used 20999K, capacity 21224K, committed 21248K, reserved 1069056K
  class space    used 2445K, capacity 2537K, committed 2560K, reserved 1048576K
Event: 6.233 GC heap after
Heap after GC invocations=6 (full 1):
 PSYoungGen      total 68608K, used 0K [0x00000000d7100000, 0x00000000dfe00000, 0x0000000100000000)
  eden space 63488K, 0% used [0x00000000d7100000,0x00000000d7100000,0x00000000daf00000)
  from space 5120K, 0% used [0x00000000daf00000,0x00000000daf00000,0x00000000db400000)
  to   space 8704K, 0% used [0x00000000df580000,0x00000000df580000,0x00000000dfe00000)
 ParOldGen       total 54272K, used 7284K [0x0000000085200000, 0x0000000088700000, 0x00000000d7100000)
  object space 54272K, 13% used [0x0000000085200000,0x000000008591d088,0x0000000088700000)
 Metaspace       used 20999K, capacity 21224K, committed 21248K, reserved 1069056K
  class space    used 2445K, capacity 2537K, committed 2560K, reserved 1048576K
}
Event: 8.075 GC heap before
{Heap before GC invocations=7 (full 1):
 PSYoungGen      total 68608K, used 63488K [0x00000000d7100000, 0x00000000dfe00000, 0x0000000100000000)
  eden space 63488K, 100% used [0x00000000d7100000,0x00000000daf00000,0x00000000daf00000)
  from space 5120K, 0% used [0x00000000daf00000,0x00000000daf00000,0x00000000db400000)
  to   space 8704K, 0% used [0x00000000df580000,0x00000000df580000,0x00000000dfe00000)
 ParOldGen       total 54272K, used 7284K [0x0000000085200000, 0x0000000088700000, 0x00000000d7100000)
  object space 54272K, 13% used [0x0000000085200000,0x000000008591d088,0x0000000088700000)
 Metaspace       used 22673K, capacity 23050K, committed 23296K, reserved 1069056K
  class space    used 2655K, capacity 2777K, committed 2816K, reserved 1048576K
Event: 8.127 GC heap after
Heap after GC invocations=7 (full 1):
 PSYoungGen      total 107008K, used 3865K [0x00000000d7100000, 0x00000000df980000, 0x0000000100000000)
  eden space 102912K, 0% used [0x00000000d7100000,0x00000000d7100000,0x00000000dd580000)
  from space 4096K, 94% used [0x00000000df580000,0x00000000df946730,0x00000000df980000)
  to   space 8704K, 0% used [0x00000000de880000,0x00000000de880000,0x00000000df100000)
 ParOldGen       total 54272K, used 7292K [0x0000000085200000, 0x0000000088700000, 0x00000000d7100000)
  object space 54272K, 13% used [0x0000000085200000,0x000000008591f088,0x0000000088700000)
 Metaspace       used 22673K, capacity 23050K, committed 23296K, reserved 1069056K
  class space    used 2655K, capacity 2777K, committed 2816K, reserved 1048576K
}
Event: 16.843 GC heap before
{Heap before GC invocations=8 (full 1):
 PSYoungGen      total 107008K, used 106777K [0x00000000d7100000, 0x00000000df980000, 0x0000000100000000)
  eden space 102912K, 100% used [0x00000000d7100000,0x00000000dd580000,0x00000000dd580000)
  from space 4096K, 94% used [0x00000000df580000,0x00000000df946730,0x00000000df980000)
  to   space 8704K, 0% used [0x00000000de880000,0x00000000de880000,0x00000000df100000)
 ParOldGen       total 54272K, used 7292K [0x0000000085200000, 0x0000000088700000, 0x00000000d7100000)
  object space 54272K, 13% used [0x0000000085200000,0x000000008591f088,0x0000000088700000)
 Metaspace       used 26776K, capacity 27176K, committed 27392K, reserved 1073152K
  class space    used 3167K, capacity 3294K, committed 3328K, reserved 1048576K

